<?xml version="1.0" encoding="UTF-8"?><testrun name="TestRunner" project="electricitybill" tests="8" started="8" failures="0" errors="4" ignored="0">
  <testsuite name="electricitybill.TestRunner" time="0.645">
    <testsuite name="Calculate electricity bill" time="0.645">
      <testcase name="Calculate Energy Charges Units consumed upto 50 units #1" classname="Calculate electricity bill" time="0.416"/>
      <testcase name="Calculate Energy Charges Units consumed upto 50 units #2" classname="Calculate electricity bill" time="0.013"/>
      <testcase name="Calculate FCA Charges Units consumed upto 50 units #1" classname="Calculate electricity bill" time="0.007"/>
      <testcase name="Calculate FCA Charges Units consumed upto 50 units #2" classname="Calculate electricity bill" time="0.01"/>
      <testcase name="Calculate Duty Charge Units consumed upto 50 units #1" classname="Calculate electricity bill" time="0.143">
        <error>io.cucumber.junit.UndefinedStepException: The step "my duty charge slab is 0.09" is undefined. You can implement it using the snippet(s) below:

@Given("my duty charge slab is {double}")
public void my_duty_charge_slab_is(Double double1) {
    // Write code here that turns the phrase above into concrete actions
    throw new io.cucumber.java.PendingException();
}


Some other steps were also undefined:

@When("I check for the slab wise duty charges")
public void i_check_for_the_slab_wise_duty_charges() {
    // Write code here that turns the phrase above into concrete actions
    throw new io.cucumber.java.PendingException();
}
@When("I check for the FCA on duty charges")
public void i_check_for_the_fca_on_duty_charges() {
    // Write code here that turns the phrase above into concrete actions
    throw new io.cucumber.java.PendingException();
}
&#13;
&#13;
</error>
      </testcase>
      <testcase name="Calculate Duty Charge Units consumed upto 50 units #2" classname="Calculate electricity bill" time="0.019">
        <error>io.cucumber.junit.UndefinedStepException: The step "my duty charge slab is 0.09" is undefined. You can implement it using the snippet(s) below:

@Given("my duty charge slab is {double}")
public void my_duty_charge_slab_is(Double double1) {
    // Write code here that turns the phrase above into concrete actions
    throw new io.cucumber.java.PendingException();
}


Some other steps were also undefined:

@When("I check for the slab wise duty charges")
public void i_check_for_the_slab_wise_duty_charges() {
    // Write code here that turns the phrase above into concrete actions
    throw new io.cucumber.java.PendingException();
}
@When("I check for the FCA on duty charges")
public void i_check_for_the_fca_on_duty_charges() {
    // Write code here that turns the phrase above into concrete actions
    throw new io.cucumber.java.PendingException();
}
&#13;
&#13;
</error>
      </testcase>
      <testcase name="Calculate Total Charges Units consumed upto 50 units #1" classname="Calculate electricity bill" time="0.013">
        <error>io.cucumber.junit.UndefinedStepException: The step "I check for the Total bill amount" is undefined. You can implement it using the snippet(s) below:

@When("I check for the Total bill amount")
public void i_check_for_the_total_bill_amount() {
    // Write code here that turns the phrase above into concrete actions
    throw new io.cucumber.java.PendingException();
}
&#13;
&#13;
</error>
      </testcase>
      <testcase name="Calculate Total Charges Units consumed upto 50 units #2" classname="Calculate electricity bill" time="0.021">
        <error>io.cucumber.junit.UndefinedStepException: The step "I check for the Total bill amount" is undefined. You can implement it using the snippet(s) below:

@When("I check for the Total bill amount")
public void i_check_for_the_total_bill_amount() {
    // Write code here that turns the phrase above into concrete actions
    throw new io.cucumber.java.PendingException();
}
&#13;
&#13;
</error>
      </testcase>
    </testsuite>
  </testsuite>
</testrun>
